[35m[1mScanning dependencies of target std_msgs_generate_messages_cpp[0m
[35m[1mScanning dependencies of target std_msgs_generate_messages_py[0m
[35m[1mScanning dependencies of target _ddynamic_reconfigure_generate_messages_check_deps_TutorialParams[0m
[35m[1mScanning dependencies of target std_msgs_generate_messages_nodejs[0m
[35m[1mScanning dependencies of target ddynamic_reconfigure[0m
[35m[1mScanning dependencies of target std_msgs_generate_messages_lisp[0m
[35m[1mScanning dependencies of target std_msgs_generate_messages_eus[0m
[  0%] Built target std_msgs_generate_messages_cpp
[  0%] Built target std_msgs_generate_messages_py
[  0%] Built target std_msgs_generate_messages_nodejs
[  0%] Built target std_msgs_generate_messages_lisp
[  0%] Built target std_msgs_generate_messages_eus
[ 11%] [32mBuilding CXX object CMakeFiles/ddynamic_reconfigure.dir/src/param/dd_int_param.cpp.o[0m
[ 11%] [32mBuilding CXX object CMakeFiles/ddynamic_reconfigure.dir/src/ddynamic_reconfigure.cpp.o[0m
[ 17%] [32mBuilding CXX object CMakeFiles/ddynamic_reconfigure.dir/src/param/dd_bool_param.cpp.o[0m
[ 23%] [32mBuilding CXX object CMakeFiles/ddynamic_reconfigure.dir/src/param/dd_double_param.cpp.o[0m
[ 29%] [32mBuilding CXX object CMakeFiles/ddynamic_reconfigure.dir/src/param/dd_enum_param.cpp.o[0m
[ 29%] Built target _ddynamic_reconfigure_generate_messages_check_deps_TutorialParams
[ 35%] [32mBuilding CXX object CMakeFiles/ddynamic_reconfigure.dir/src/param/dd_string_param.cpp.o[0m
[35m[1mScanning dependencies of target ddynamic_reconfigure_generate_messages_nodejs[0m
[ 41%] [34m[1mGenerating Javascript code from ddynamic_reconfigure/TutorialParams.srv[0m
[ 41%] Built target ddynamic_reconfigure_generate_messages_nodejs
[35m[1mScanning dependencies of target ddynamic_reconfigure_generate_messages_py[0m
[ 47%] [34m[1mGenerating Python code from SRV ddynamic_reconfigure/TutorialParams[0m
[ 52%] [34m[1mGenerating Python srv __init__.py for ddynamic_reconfigure[0m
[ 52%] Built target ddynamic_reconfigure_generate_messages_py
[35m[1mScanning dependencies of target ddynamic_reconfigure_generate_messages_cpp[0m
[ 58%] [34m[1mGenerating C++ code from ddynamic_reconfigure/TutorialParams.srv[0m
[ 64%] [32mBuilding CXX object CMakeFiles/ddynamic_reconfigure.dir/src/dd_param.cpp.o[0m
[35m[1mScanning dependencies of target ddynamic_reconfigure_generate_messages_eus[0m
[ 70%] [34m[1mGenerating EusLisp code from ddynamic_reconfigure/TutorialParams.srv[0m
[35m[1mScanning dependencies of target ddynamic_reconfigure_generate_messages_lisp[0m
[ 76%] [34m[1mGenerating Lisp code from ddynamic_reconfigure/TutorialParams.srv[0m
[ 82%] [34m[1mGenerating EusLisp manifest code for ddynamic_reconfigure[0m
[ 82%] Built target ddynamic_reconfigure_generate_messages_cpp
[35m[1mScanning dependencies of target ddynamic_reconfigure_gencpp[0m
[ 82%] Built target ddynamic_reconfigure_generate_messages_lisp
[ 82%] Built target ddynamic_reconfigure_gencpp
In file included from [01m[K/opt/ros/melodic/include/ros/node_handle.h:32:0[m[K,
                 from [01m[K/opt/ros/melodic/include/ros/ros.h:45[m[K,
                 from [01m[K/home/sam/dancing_point_cloud/catkin_ws/src/realsense-ros/ddynamic_reconfigure/include/ddynamic_reconfigure/ddynamic_reconfigure.h:5[m[K,
                 from [01m[K/home/sam/dancing_point_cloud/catkin_ws/src/realsense-ros/ddynamic_reconfigure/src/ddynamic_reconfigure.cpp:11[m[K:
[01m[K/opt/ros/melodic/include/ros/publisher.h:53:52:[m[K [01;35m[Kwarning: [m[Kdefaulted and deleted functions only available with -std=c++11 or -std=gnu++11
     Publisher& operator=(const Publisher& other) = [01;35m[Kdefault[m[K;
                                                    [01;35m[K^~~~~~~[m[K
In file included from [01m[K/opt/ros/melodic/include/ros/node_handle.h:33:0[m[K,
                 from [01m[K/opt/ros/melodic/include/ros/ros.h:45[m[K,
                 from [01m[K/home/sam/dancing_point_cloud/catkin_ws/src/realsense-ros/ddynamic_reconfigure/include/ddynamic_reconfigure/ddynamic_reconfigure.h:5[m[K,
                 from [01m[K/home/sam/dancing_point_cloud/catkin_ws/src/realsense-ros/ddynamic_reconfigure/src/ddynamic_reconfigure.cpp:11[m[K:
[01m[K/opt/ros/melodic/include/ros/subscriber.h:52:52:[m[K [01;35m[Kwarning: [m[Kdefaulted and deleted functions only available with -std=c++11 or -std=gnu++11
   Subscriber& operator=(const Subscriber& other) = [01;35m[Kdefault[m[K;
                                                    [01;35m[K^~~~~~~[m[K
In file included from [01m[K/opt/ros/melodic/include/ros/node_handle.h:34:0[m[K,
                 from [01m[K/opt/ros/melodic/include/ros/ros.h:45[m[K,
                 from [01m[K/home/sam/dancing_point_cloud/catkin_ws/src/realsense-ros/ddynamic_reconfigure/include/ddynamic_reconfigure/ddynamic_reconfigure.h:5[m[K,
                 from [01m[K/home/sam/dancing_point_cloud/catkin_ws/src/realsense-ros/ddynamic_reconfigure/src/ddynamic_reconfigure.cpp:11[m[K:
[01m[K/opt/ros/melodic/include/ros/service_server.h:51:58:[m[K [01;35m[Kwarning: [m[Kdefaulted and deleted functions only available with -std=c++11 or -std=gnu++11
   ServiceServer& operator=(const ServiceServer& other) = [01;35m[Kdefault[m[K;
                                                          [01;35m[K^~~~~~~[m[K
In file included from [01m[K/opt/ros/melodic/include/ros/node_handle.h:35:0[m[K,
                 from [01m[K/opt/ros/melodic/include/ros/ros.h:45[m[K,
                 from [01m[K/home/sam/dancing_point_cloud/catkin_ws/src/realsense-ros/ddynamic_reconfigure/include/ddynamic_reconfigure/ddynamic_reconfigure.h:5[m[K,
                 from [01m[K/home/sam/dancing_point_cloud/catkin_ws/src/realsense-ros/ddynamic_reconfigure/src/ddynamic_reconfigure.cpp:11[m[K:
[01m[K/opt/ros/melodic/include/ros/service_client.h:49:58:[m[K [01;35m[Kwarning: [m[Kdefaulted and deleted functions only available with -std=c++11 or -std=gnu++11
   ServiceClient& operator=(const ServiceClient& other) = [01;35m[Kdefault[m[K;
                                                          [01;35m[K^~~~~~~[m[K
In file included from [01m[K/opt/ros/melodic/include/ros/node_handle.h:36:0[m[K,
                 from [01m[K/opt/ros/melodic/include/ros/ros.h:45[m[K,
                 from [01m[K/home/sam/dancing_point_cloud/catkin_ws/src/realsense-ros/ddynamic_reconfigure/include/ddynamic_reconfigure/ddynamic_reconfigure.h:5[m[K,
                 from [01m[K/home/sam/dancing_point_cloud/catkin_ws/src/realsense-ros/ddynamic_reconfigure/src/ddynamic_reconfigure.cpp:11[m[K:
[01m[K/opt/ros/melodic/include/ros/timer.h:52:42:[m[K [01;35m[Kwarning: [m[Kdefaulted and deleted functions only available with -std=c++11 or -std=gnu++11
   Timer& operator=(const Timer& other) = [01;35m[Kdefault[m[K;
                                          [01;35m[K^~~~~~~[m[K
In file included from [01m[K/opt/ros/melodic/include/ros/node_handle.h:38:0[m[K,
                 from [01m[K/opt/ros/melodic/include/ros/ros.h:45[m[K,
                 from [01m[K/home/sam/dancing_point_cloud/catkin_ws/src/realsense-ros/ddynamic_reconfigure/include/ddynamic_reconfigure/ddynamic_reconfigure.h:5[m[K,
                 from [01m[K/home/sam/dancing_point_cloud/catkin_ws/src/realsense-ros/ddynamic_reconfigure/src/ddynamic_reconfigure.cpp:11[m[K:
[01m[K/opt/ros/melodic/include/ros/wall_timer.h:52:50:[m[K [01;35m[Kwarning: [m[Kdefaulted and deleted functions only available with -std=c++11 or -std=gnu++11
   WallTimer& operator=(const WallTimer& other) = [01;35m[Kdefault[m[K;
                                                  [01;35m[K^~~~~~~[m[K
In file included from [01m[K/opt/ros/melodic/include/ros/node_handle.h:39:0[m[K,
                 from [01m[K/opt/ros/melodic/include/ros/ros.h:45[m[K,
                 from [01m[K/home/sam/dancing_point_cloud/catkin_ws/src/realsense-ros/ddynamic_reconfigure/include/ddynamic_reconfigure/ddynamic_reconfigure.h:5[m[K,
                 from [01m[K/home/sam/dancing_point_cloud/catkin_ws/src/realsense-ros/ddynamic_reconfigure/src/ddynamic_reconfigure.cpp:11[m[K:
[01m[K/opt/ros/melodic/include/ros/steady_timer.h:52:54:[m[K [01;35m[Kwarning: [m[Kdefaulted and deleted functions only available with -std=c++11 or -std=gnu++11
   SteadyTimer& operator=(const SteadyTimer& other) = [01;35m[Kdefault[m[K;
                                                      [01;35m[K^~~~~~~[m[K
[ 82%] Built target ddynamic_reconfigure_generate_messages_eus
[35m[1mScanning dependencies of target ddynamic_reconfigure_generate_messages[0m
[ 82%] Built target ddynamic_reconfigure_generate_messages
[ 88%] [32m[1mLinking CXX shared library /home/sam/dancing_point_cloud/catkin_ws/devel/.private/ddynamic_reconfigure/lib/libddynamic_reconfigure.so[0m
[ 88%] Built target ddynamic_reconfigure
[35m[1mScanning dependencies of target dd_server[0m
[ 94%] [32mBuilding CXX object CMakeFiles/dd_server.dir/test/dd_full_scale/dd_server.cpp.o[0m
In file included from [01m[K/opt/ros/melodic/include/ros/node_handle.h:32:0[m[K,
                 from [01m[K/opt/ros/melodic/include/ros/ros.h:45[m[K,
                 from [01m[K/home/sam/dancing_point_cloud/catkin_ws/src/realsense-ros/ddynamic_reconfigure/test/dd_full_scale/dd_server.cpp:1[m[K:
[01m[K/opt/ros/melodic/include/ros/publisher.h:53:52:[m[K [01;35m[Kwarning: [m[Kdefaulted and deleted functions only available with -std=c++11 or -std=gnu++11
     Publisher& operator=(const Publisher& other) = [01;35m[Kdefault[m[K;
                                                    [01;35m[K^~~~~~~[m[K
In file included from [01m[K/opt/ros/melodic/include/ros/node_handle.h:33:0[m[K,
                 from [01m[K/opt/ros/melodic/include/ros/ros.h:45[m[K,
                 from [01m[K/home/sam/dancing_point_cloud/catkin_ws/src/realsense-ros/ddynamic_reconfigure/test/dd_full_scale/dd_server.cpp:1[m[K:
[01m[K/opt/ros/melodic/include/ros/subscriber.h:52:52:[m[K [01;35m[Kwarning: [m[Kdefaulted and deleted functions only available with -std=c++11 or -std=gnu++11
   Subscriber& operator=(const Subscriber& other) = [01;35m[Kdefault[m[K;
                                                    [01;35m[K^~~~~~~[m[K
In file included from [01m[K/opt/ros/melodic/include/ros/node_handle.h:34:0[m[K,
                 from [01m[K/opt/ros/melodic/include/ros/ros.h:45[m[K,
                 from [01m[K/home/sam/dancing_point_cloud/catkin_ws/src/realsense-ros/ddynamic_reconfigure/test/dd_full_scale/dd_server.cpp:1[m[K:
[01m[K/opt/ros/melodic/include/ros/service_server.h:51:58:[m[K [01;35m[Kwarning: [m[Kdefaulted and deleted functions only available with -std=c++11 or -std=gnu++11
   ServiceServer& operator=(const ServiceServer& other) = [01;35m[Kdefault[m[K;
                                                          [01;35m[K^~~~~~~[m[K
In file included from [01m[K/opt/ros/melodic/include/ros/node_handle.h:35:0[m[K,
                 from [01m[K/opt/ros/melodic/include/ros/ros.h:45[m[K,
                 from [01m[K/home/sam/dancing_point_cloud/catkin_ws/src/realsense-ros/ddynamic_reconfigure/test/dd_full_scale/dd_server.cpp:1[m[K:
[01m[K/opt/ros/melodic/include/ros/service_client.h:49:58:[m[K [01;35m[Kwarning: [m[Kdefaulted and deleted functions only available with -std=c++11 or -std=gnu++11
   ServiceClient& operator=(const ServiceClient& other) = [01;35m[Kdefault[m[K;
                                                          [01;35m[K^~~~~~~[m[K
In file included from [01m[K/opt/ros/melodic/include/ros/node_handle.h:36:0[m[K,
                 from [01m[K/opt/ros/melodic/include/ros/ros.h:45[m[K,
                 from [01m[K/home/sam/dancing_point_cloud/catkin_ws/src/realsense-ros/ddynamic_reconfigure/test/dd_full_scale/dd_server.cpp:1[m[K:
[01m[K/opt/ros/melodic/include/ros/timer.h:52:42:[m[K [01;35m[Kwarning: [m[Kdefaulted and deleted functions only available with -std=c++11 or -std=gnu++11
   Timer& operator=(const Timer& other) = [01;35m[Kdefault[m[K;
                                          [01;35m[K^~~~~~~[m[K
In file included from [01m[K/opt/ros/melodic/include/ros/node_handle.h:38:0[m[K,
                 from [01m[K/opt/ros/melodic/include/ros/ros.h:45[m[K,
                 from [01m[K/home/sam/dancing_point_cloud/catkin_ws/src/realsense-ros/ddynamic_reconfigure/test/dd_full_scale/dd_server.cpp:1[m[K:
[01m[K/opt/ros/melodic/include/ros/wall_timer.h:52:50:[m[K [01;35m[Kwarning: [m[Kdefaulted and deleted functions only available with -std=c++11 or -std=gnu++11
   WallTimer& operator=(const WallTimer& other) = [01;35m[Kdefault[m[K;
                                                  [01;35m[K^~~~~~~[m[K
In file included from [01m[K/opt/ros/melodic/include/ros/node_handle.h:39:0[m[K,
                 from [01m[K/opt/ros/melodic/include/ros/ros.h:45[m[K,
                 from [01m[K/home/sam/dancing_point_cloud/catkin_ws/src/realsense-ros/ddynamic_reconfigure/test/dd_full_scale/dd_server.cpp:1[m[K:
[01m[K/opt/ros/melodic/include/ros/steady_timer.h:52:54:[m[K [01;35m[Kwarning: [m[Kdefaulted and deleted functions only available with -std=c++11 or -std=gnu++11
   SteadyTimer& operator=(const SteadyTimer& other) = [01;35m[Kdefault[m[K;
                                                      [01;35m[K^~~~~~~[m[K
[100%] [32m[1mLinking CXX executable /home/sam/dancing_point_cloud/catkin_ws/devel/.private/ddynamic_reconfigure/lib/ddynamic_reconfigure/dd_server[0m
[100%] Built target dd_server
