Symlinking /home/sam/dancing_point_cloud/catkin_ws/devel/include/ddynamic_reconfigure/TutorialParamsResponse.h
Symlinking /home/sam/dancing_point_cloud/catkin_ws/devel/include/ddynamic_reconfigure/TutorialParamsRequest.h
Symlinking /home/sam/dancing_point_cloud/catkin_ws/devel/include/ddynamic_reconfigure/TutorialParams.h
Symlinking /home/sam/dancing_point_cloud/catkin_ws/devel/share/common-lisp/ros/ddynamic_reconfigure/srv/TutorialParams.lisp
Symlinking /home/sam/dancing_point_cloud/catkin_ws/devel/share/common-lisp/ros/ddynamic_reconfigure/srv/_package.lisp
Symlinking /home/sam/dancing_point_cloud/catkin_ws/devel/share/common-lisp/ros/ddynamic_reconfigure/srv/_package_TutorialParams.lisp
Symlinking /home/sam/dancing_point_cloud/catkin_ws/devel/share/common-lisp/ros/ddynamic_reconfigure/srv/ddynamic_reconfigure-srv.asd
Symlinking /home/sam/dancing_point_cloud/catkin_ws/devel/share/roseus/ros/ddynamic_reconfigure/manifest.l
Symlinking /home/sam/dancing_point_cloud/catkin_ws/devel/share/roseus/ros/ddynamic_reconfigure/srv/TutorialParams.l
Symlinking /home/sam/dancing_point_cloud/catkin_ws/devel/share/gennodejs/ros/ddynamic_reconfigure/_index.js
Symlinking /home/sam/dancing_point_cloud/catkin_ws/devel/share/gennodejs/ros/ddynamic_reconfigure/srv/_index.js
Symlinking /home/sam/dancing_point_cloud/catkin_ws/devel/share/gennodejs/ros/ddynamic_reconfigure/srv/TutorialParams.js
Symlinking /home/sam/dancing_point_cloud/catkin_ws/devel/share/ddynamic_reconfigure/cmake/ddynamic_reconfigureConfig-version.cmake
Symlinking /home/sam/dancing_point_cloud/catkin_ws/devel/share/ddynamic_reconfigure/cmake/ddynamic_reconfigure-msg-extras.cmake
Symlinking /home/sam/dancing_point_cloud/catkin_ws/devel/share/ddynamic_reconfigure/cmake/ddynamic_reconfigureConfig.cmake
Symlinking /home/sam/dancing_point_cloud/catkin_ws/devel/share/ddynamic_reconfigure/cmake/ddynamic_reconfigure-msg-paths.cmake
Symlinking /home/sam/dancing_point_cloud/catkin_ws/devel/lib/libddynamic_reconfigure.so
Symlinking /home/sam/dancing_point_cloud/catkin_ws/devel/lib/python2.7/dist-packages/ddynamic_reconfigure/__init__.py
Symlinking /home/sam/dancing_point_cloud/catkin_ws/devel/lib/python2.7/dist-packages/ddynamic_reconfigure/srv/__init__.py
Symlinking /home/sam/dancing_point_cloud/catkin_ws/devel/lib/python2.7/dist-packages/ddynamic_reconfigure/srv/_TutorialParams.py
Symlinking /home/sam/dancing_point_cloud/catkin_ws/devel/lib/pkgconfig/ddynamic_reconfigure.pc
Symlinking /home/sam/dancing_point_cloud/catkin_ws/devel/lib/ddynamic_reconfigure/dd_server
